<?xml version="1.0" encoding="UTF-8"?><TestSessionContainer xmlns="http://www.codecover.org/xml/testsession-container" Date="1655125774030" TestSessionContainerId="6e1c6158-188f-40c7-b730-05f6db0eb335" version="1.0">
<SrcFileList>
<SrcFile Content="package Negozio;&#13;&#10;&#13;&#10;public class Negozio {&#13;&#10;&#9;public int prodotti[];&#13;&#10;&#9;public double costi[];&#13;&#10;&#9;public double clienti[];&#13;&#10;&#9;public double guadagno;&#13;&#10;&#9;&#13;&#10;&#9;public Negozio() {&#13;&#10;&#9;&#9;prodotti = new int[10];&#13;&#10;&#9;&#9;costi = new double[10];&#13;&#10;&#9;&#9;clienti = new double[5];&#13;&#10;&#9;&#9;for(int i = 0; i &lt; prodotti.length; i++) {&#13;&#10;&#9;&#9;&#9;prodotti[i] = 10;&#13;&#10;&#9;&#9;&#9;costi[i] = 5.0 * (i + 1);&#13;&#10;&#9;&#9;&#9;System.out.println(costi[i]);&#13;&#10;&#9;&#9;}&#13;&#10;&#9;&#9;&#13;&#10;&#9;&#9;for(int i = 0; i &lt; clienti.length; i++) {&#13;&#10;&#9;&#9;&#9;clienti[i] = 100.0;&#13;&#10;&#9;&#9;}&#13;&#10;&#9;&#9;&#13;&#10;&#9;&#9;&#13;&#10;&#9;}&#13;&#10;&#9;&#13;&#10;&#9;public boolean compra(int indP, int indC) {&#13;&#10;&#9;&#9;if(indP &lt; 0 || indP &gt; 9 || indC &lt; 0 || indC &gt; 4 || prodotti[indP] == 0 || clienti[indC] &lt; costi[indP])&#13;&#10;&#9;&#9;&#9;return false;&#13;&#10;&#9;&#9;prodotti[indP] -= 1;&#13;&#10;&#9;&#9;clienti[indC] -= costi[indP];&#13;&#10;&#9;&#9;return true;&#13;&#10;&#9;}&#13;&#10;&#9;&#13;&#10;&#9;public boolean riempiProdotto(int indP) {&#13;&#10;&#9;&#9;if(indP &lt; 0 || indP &gt; 9 || prodotti[indP] == 10)&#13;&#10;&#9;&#9;&#9;return false;&#13;&#10;&#9;&#9;prodotti[indP] = 10;&#13;&#10;&#9;&#9;return true;&#13;&#10;&#9;}&#13;&#10;&#13;&#10;}&#13;&#10;" Filename="Negozio.java" Intrnl_Id="1"/>
</SrcFileList>
<CritList>
<CritListEntry Name="org.codecover.model.utils.criteria.LoopCoverage" PluginName="org.codecover"/>
<CritListEntry Name="org.codecover.model.utils.criteria.ConditionCoverage" PluginName="org.codecover"/>
<CritListEntry Name="org.codecover.model.utils.criteria.BranchCoverage" PluginName="org.codecover"/>
<CritListEntry Name="org.codecover.model.utils.criteria.StatementCoverage" PluginName="org.codecover"/>
</CritList>
<BoolOpList>
<BoolOp Arity="2" Intrnl_Id="2" Name="conditional or (||)">
<BoolAssgnmntBoolMapList>
<MapEntry BoolAssgnmnt="00" Value="false"/>
<MapEntry BoolAssgnmnt="01" Value="true"/>
<MapEntry BoolAssgnmnt="12" Value="true"/>
</BoolAssgnmntBoolMapList>
</BoolOp>
</BoolOpList>
<HierarchyLvlTypeList>
<HierarchyLvlType EnglishName="package" IntrnlName="package" Intrnl_Id="3"/>
<HierarchyLvlType EnglishName="method" IntrnlName="method" Intrnl_Id="4"/>
<HierarchyLvlType EnglishName="class" IntrnlName="class" Intrnl_Id="5"/>
<HierarchyLvlType EnglishName="default package" IntrnlName="default package" Intrnl_Id="6"/>
</HierarchyLvlTypeList>
<MASTRoot>
<HierarchyLvl HierarchyLvlId="19" HierarchyLvlTypeId="6" Intrnl_Id="7" Name="default package">
<Header/>
<LocList/>
<HierarchyLvl HierarchyLvlId="18" HierarchyLvlTypeId="3" Intrnl_Id="8" Name="Negozio">
<Header/>
<LocList/>
<HierarchyLvl HierarchyLvlId="17" HierarchyLvlTypeId="5" Intrnl_Id="9" Name="Negozio">
<Header>
<Loc EndOffset="40" SrcFileId="1" StartOffset="20"/>
</Header>
<LocList>
<Loc EndOffset="894" SrcFileId="1" StartOffset="20"/>
</LocList>
<HierarchyLvl HierarchyLvlId="14" HierarchyLvlTypeId="4" Intrnl_Id="10" Name="Negozio">
<Header>
<Loc EndOffset="167" SrcFileId="1" StartOffset="151"/>
</Header>
<LocList>
<Loc EndOffset="478" SrcFileId="1" StartOffset="151"/>
</LocList>
<StmntSeq Intrnl_Id="11">
<LocList>
<Loc EndOffset="196" SrcFileId="1" StartOffset="173"/>
<Loc EndOffset="223" SrcFileId="1" StartOffset="200"/>
<Loc EndOffset="251" SrcFileId="1" StartOffset="227"/>
<Loc EndOffset="388" SrcFileId="1" StartOffset="255"/>
<Loc EndOffset="466" SrcFileId="1" StartOffset="396"/>
</LocList>
<BasicStmnt CovItemId="S1" CovItemPrefix="Negozio.Negozio.java" Intrnl_Id="12">
<LocList>
<Loc EndOffset="196" SrcFileId="1" StartOffset="173"/>
</LocList>
</BasicStmnt>
<BasicStmnt CovItemId="S2" CovItemPrefix="Negozio.Negozio.java" Intrnl_Id="13">
<LocList>
<Loc EndOffset="223" SrcFileId="1" StartOffset="200"/>
</LocList>
</BasicStmnt>
<BasicStmnt CovItemId="S3" CovItemPrefix="Negozio.Negozio.java" Intrnl_Id="14">
<LocList>
<Loc EndOffset="251" SrcFileId="1" StartOffset="227"/>
</LocList>
</BasicStmnt>
<LoopStmnt CovItemId="S4" CovItemPrefix="Negozio.Negozio.java" Intrnl_Id="15" MltplExecId="L1-2" MltplExecPrefix="Negozio.Negozio.java" NvrExecId="L1-0" NvrExecPrefix="Negozio.Negozio.java" OnceExecutedId="L1-1" OnceExecutedPrefix="Negozio.Negozio.java" OptBodyExec="true">
<StmntSeq Intrnl_Id="16">
<LocList>
<Loc EndOffset="319" SrcFileId="1" StartOffset="302"/>
<Loc EndOffset="349" SrcFileId="1" StartOffset="324"/>
<Loc EndOffset="383" SrcFileId="1" StartOffset="354"/>
</LocList>
<BasicStmnt CovItemId="S5" CovItemPrefix="Negozio.Negozio.java" Intrnl_Id="17">
<LocList>
<Loc EndOffset="319" SrcFileId="1" StartOffset="302"/>
</LocList>
</BasicStmnt>
<BasicStmnt CovItemId="S6" CovItemPrefix="Negozio.Negozio.java" Intrnl_Id="18">
<LocList>
<Loc EndOffset="349" SrcFileId="1" StartOffset="324"/>
</LocList>
</BasicStmnt>
<BasicStmnt CovItemId="S7" CovItemPrefix="Negozio.Negozio.java" Intrnl_Id="19">
<LocList>
<Loc EndOffset="383" SrcFileId="1" StartOffset="354"/>
</LocList>
</BasicStmnt>
</StmntSeq>
<Keyword EndOffset="258" SrcFileId="1" StartOffset="255"/>
<LocList>
<Loc EndOffset="388" SrcFileId="1" StartOffset="255"/>
</LocList>
<RootTerm CovItemId="C1" CovItemPrefix="Negozio.Negozio.java" Intrnl_Id="20">
<BasicBoolTerm Intrnl_Id="21">
<LocList>
<Loc EndOffset="289" SrcFileId="1" StartOffset="270"/>
</LocList>
</BasicBoolTerm>
</RootTerm>
</LoopStmnt>
<LoopStmnt CovItemId="S8" CovItemPrefix="Negozio.Negozio.java" Intrnl_Id="22" MltplExecId="L2-2" MltplExecPrefix="Negozio.Negozio.java" NvrExecId="L2-0" NvrExecPrefix="Negozio.Negozio.java" OnceExecutedId="L2-1" OnceExecutedPrefix="Negozio.Negozio.java" OptBodyExec="true">
<StmntSeq Intrnl_Id="23">
<LocList>
<Loc EndOffset="461" SrcFileId="1" StartOffset="442"/>
</LocList>
<BasicStmnt CovItemId="S9" CovItemPrefix="Negozio.Negozio.java" Intrnl_Id="24">
<LocList>
<Loc EndOffset="461" SrcFileId="1" StartOffset="442"/>
</LocList>
</BasicStmnt>
</StmntSeq>
<Keyword EndOffset="399" SrcFileId="1" StartOffset="396"/>
<LocList>
<Loc EndOffset="466" SrcFileId="1" StartOffset="396"/>
</LocList>
<RootTerm CovItemId="C2" CovItemPrefix="Negozio.Negozio.java" Intrnl_Id="25">
<BasicBoolTerm Intrnl_Id="26">
<LocList>
<Loc EndOffset="429" SrcFileId="1" StartOffset="411"/>
</LocList>
</BasicBoolTerm>
</RootTerm>
</LoopStmnt>
</StmntSeq>
</HierarchyLvl>
<HierarchyLvl HierarchyLvlId="15" HierarchyLvlTypeId="4" Intrnl_Id="27" Name="compra">
<Header>
<Loc EndOffset="525" SrcFileId="1" StartOffset="484"/>
</Header>
<LocList>
<Loc EndOffset="728" SrcFileId="1" StartOffset="484"/>
</LocList>
<StmntSeq Intrnl_Id="28">
<LocList>
<Loc EndOffset="651" SrcFileId="1" StartOffset="531"/>
<Loc EndOffset="675" SrcFileId="1" StartOffset="655"/>
<Loc EndOffset="708" SrcFileId="1" StartOffset="679"/>
<Loc EndOffset="724" SrcFileId="1" StartOffset="712"/>
</LocList>
<CondStmnt CovItemId="S10" CovItemPrefix="Negozio.Negozio.java" Intrnl_Id="29">
<Branch CovItemId="B1" CovItemPrefix="Negozio.Negozio.java" Implct="false" Intrnl_Id="30">
<Cond/>
<LocList>
<Loc EndOffset="651" SrcFileId="1" StartOffset="638"/>
</LocList>
<StmntSeq Intrnl_Id="31">
<LocList>
<Loc EndOffset="651" SrcFileId="1" StartOffset="638"/>
</LocList>
<BasicStmnt CovItemId="S11" CovItemPrefix="Negozio.Negozio.java" Intrnl_Id="32">
<LocList>
<Loc EndOffset="651" SrcFileId="1" StartOffset="638"/>
</LocList>
</BasicStmnt>
</StmntSeq>
</Branch>
<Branch CovItemId="B2" CovItemPrefix="Negozio.Negozio.java" Implct="true" Intrnl_Id="33">
<Cond/>
<LocList/>
<StmntSeq Intrnl_Id="34">
<LocList/>
</StmntSeq>
</Branch>
<Keyword EndOffset="533" SrcFileId="1" StartOffset="531"/>
<LocList>
<Loc EndOffset="651" SrcFileId="1" StartOffset="531"/>
</LocList>
<RootTerm CovItemId="C3" CovItemPrefix="Negozio.Negozio.java" Intrnl_Id="35">
<OpTerm BooleanOpId="2" Intrnl_Id="36">
<OpTerm BooleanOpId="2" Intrnl_Id="37">
<OpTerm BooleanOpId="2" Intrnl_Id="38">
<OpTerm BooleanOpId="2" Intrnl_Id="39">
<OpTerm BooleanOpId="2" Intrnl_Id="40">
<BasicBoolTerm Intrnl_Id="41">
<LocList>
<Loc EndOffset="542" SrcFileId="1" StartOffset="534"/>
</LocList>
</BasicBoolTerm>
<BasicBoolTerm Intrnl_Id="42">
<LocList>
<Loc EndOffset="554" SrcFileId="1" StartOffset="546"/>
</LocList>
</BasicBoolTerm>
<LocList>
<Loc EndOffset="545" SrcFileId="1" StartOffset="543"/>
</LocList>
</OpTerm>
<BasicBoolTerm Intrnl_Id="43">
<LocList>
<Loc EndOffset="566" SrcFileId="1" StartOffset="558"/>
</LocList>
</BasicBoolTerm>
<LocList>
<Loc EndOffset="557" SrcFileId="1" StartOffset="555"/>
</LocList>
</OpTerm>
<BasicBoolTerm Intrnl_Id="44">
<LocList>
<Loc EndOffset="578" SrcFileId="1" StartOffset="570"/>
</LocList>
</BasicBoolTerm>
<LocList>
<Loc EndOffset="569" SrcFileId="1" StartOffset="567"/>
</LocList>
</OpTerm>
<BasicBoolTerm Intrnl_Id="45">
<LocList>
<Loc EndOffset="601" SrcFileId="1" StartOffset="582"/>
</LocList>
</BasicBoolTerm>
<LocList>
<Loc EndOffset="581" SrcFileId="1" StartOffset="579"/>
</LocList>
</OpTerm>
<BasicBoolTerm Intrnl_Id="46">
<LocList>
<Loc EndOffset="632" SrcFileId="1" StartOffset="605"/>
</LocList>
</BasicBoolTerm>
<LocList>
<Loc EndOffset="604" SrcFileId="1" StartOffset="602"/>
</LocList>
</OpTerm>
</RootTerm>
</CondStmnt>
<BasicStmnt CovItemId="S12" CovItemPrefix="Negozio.Negozio.java" Intrnl_Id="47">
<LocList>
<Loc EndOffset="675" SrcFileId="1" StartOffset="655"/>
</LocList>
</BasicStmnt>
<BasicStmnt CovItemId="S13" CovItemPrefix="Negozio.Negozio.java" Intrnl_Id="48">
<LocList>
<Loc EndOffset="708" SrcFileId="1" StartOffset="679"/>
</LocList>
</BasicStmnt>
<BasicStmnt CovItemId="S14" CovItemPrefix="Negozio.Negozio.java" Intrnl_Id="49">
<LocList>
<Loc EndOffset="724" SrcFileId="1" StartOffset="712"/>
</LocList>
</BasicStmnt>
</StmntSeq>
</HierarchyLvl>
<HierarchyLvl HierarchyLvlId="16" HierarchyLvlTypeId="4" Intrnl_Id="50" Name="riempiProdotto">
<Header>
<Loc EndOffset="773" SrcFileId="1" StartOffset="734"/>
</Header>
<LocList>
<Loc EndOffset="889" SrcFileId="1" StartOffset="734"/>
</LocList>
<StmntSeq Intrnl_Id="51">
<LocList>
<Loc EndOffset="845" SrcFileId="1" StartOffset="779"/>
<Loc EndOffset="869" SrcFileId="1" StartOffset="849"/>
<Loc EndOffset="885" SrcFileId="1" StartOffset="873"/>
</LocList>
<CondStmnt CovItemId="S15" CovItemPrefix="Negozio.Negozio.java" Intrnl_Id="52">
<Branch CovItemId="B3" CovItemPrefix="Negozio.Negozio.java" Implct="false" Intrnl_Id="53">
<Cond/>
<LocList>
<Loc EndOffset="845" SrcFileId="1" StartOffset="832"/>
</LocList>
<StmntSeq Intrnl_Id="54">
<LocList>
<Loc EndOffset="845" SrcFileId="1" StartOffset="832"/>
</LocList>
<BasicStmnt CovItemId="S16" CovItemPrefix="Negozio.Negozio.java" Intrnl_Id="55">
<LocList>
<Loc EndOffset="845" SrcFileId="1" StartOffset="832"/>
</LocList>
</BasicStmnt>
</StmntSeq>
</Branch>
<Branch CovItemId="B4" CovItemPrefix="Negozio.Negozio.java" Implct="true" Intrnl_Id="56">
<Cond/>
<LocList/>
<StmntSeq Intrnl_Id="57">
<LocList/>
</StmntSeq>
</Branch>
<Keyword EndOffset="781" SrcFileId="1" StartOffset="779"/>
<LocList>
<Loc EndOffset="845" SrcFileId="1" StartOffset="779"/>
</LocList>
<RootTerm CovItemId="C4" CovItemPrefix="Negozio.Negozio.java" Intrnl_Id="58">
<OpTerm BooleanOpId="2" Intrnl_Id="59">
<OpTerm BooleanOpId="2" Intrnl_Id="60">
<BasicBoolTerm Intrnl_Id="61">
<LocList>
<Loc EndOffset="790" SrcFileId="1" StartOffset="782"/>
</LocList>
</BasicBoolTerm>
<BasicBoolTerm Intrnl_Id="62">
<LocList>
<Loc EndOffset="802" SrcFileId="1" StartOffset="794"/>
</LocList>
</BasicBoolTerm>
<LocList>
<Loc EndOffset="793" SrcFileId="1" StartOffset="791"/>
</LocList>
</OpTerm>
<BasicBoolTerm Intrnl_Id="63">
<LocList>
<Loc EndOffset="826" SrcFileId="1" StartOffset="806"/>
</LocList>
</BasicBoolTerm>
<LocList>
<Loc EndOffset="805" SrcFileId="1" StartOffset="803"/>
</LocList>
</OpTerm>
</RootTerm>
</CondStmnt>
<BasicStmnt CovItemId="S17" CovItemPrefix="Negozio.Negozio.java" Intrnl_Id="64">
<LocList>
<Loc EndOffset="869" SrcFileId="1" StartOffset="849"/>
</LocList>
</BasicStmnt>
<BasicStmnt CovItemId="S18" CovItemPrefix="Negozio.Negozio.java" Intrnl_Id="65">
<LocList>
<Loc EndOffset="885" SrcFileId="1" StartOffset="873"/>
</LocList>
</BasicStmnt>
</StmntSeq>
</HierarchyLvl>
</HierarchyLvl>
</HierarchyLvl>
</HierarchyLvl>
</MASTRoot>
<TestSession Comment="" Date="1655125774449" Name="13-giu-2022 15.09.34">
<TestCase Comment="Failure&#10;java.lang.AssertionError&#13;&#10;&#9;at org.junit.Assert.fail(Assert.java:86)&#13;&#10;&#9;at org.junit.Assert.assertTrue(Assert.java:41)&#13;&#10;&#9;at org.junit.Assert.assertTrue(Assert.java:52)&#13;&#10;&#9;at Test_Negozio.NegozioTest.test(NegozioTest.java:21)&#13;&#10;&#9;at sun.reflect.NativeMethodAccessorImpl.invoke0(Native Method)&#13;&#10;&#9;at sun.reflect.NativeMethodAccessorImpl.invoke(NativeMethodAccessorImpl.java:62)&#13;&#10;&#9;at sun.reflect.DelegatingMethodAccessorImpl.invoke(DelegatingMethodAccessorImpl.java:43)&#13;&#10;&#9;at java.lang.reflect.Method.invoke(Method.java:498)&#13;&#10;&#9;at org.junit.runners.model.FrameworkMethod$1.runReflectiveCall(FrameworkMethod.java:50)&#13;&#10;&#9;at org.junit.internal.runners.model.ReflectiveCallable.run(ReflectiveCallable.java:12)&#13;&#10;&#9;at org.junit.runners.model.FrameworkMethod.invokeExplosively(FrameworkMethod.java:47)&#13;&#10;&#9;at org.junit.internal.runners.statements.InvokeMethod.evaluate(InvokeMethod.java:17)&#13;&#10;&#9;at org.junit.runners.ParentRunner.runLeaf(ParentRunner.java:325)&#13;&#10;&#9;at org.junit.runners.BlockJUnit4ClassRunner.runChild(BlockJUnit4ClassRunner.java:78)&#13;&#10;&#9;at org.junit.runners.BlockJUnit4ClassRunner.runChild(BlockJUnit4ClassRunner.java:57)&#13;&#10;&#9;at org.junit.runners.ParentRunner$3.run(ParentRunner.java:290)&#13;&#10;&#9;at org.junit.runners.ParentRunner$1.schedule(ParentRunner.java:71)&#13;&#10;&#9;at org.junit.runners.ParentRunner.runChildren(ParentRunner.java:288)&#13;&#10;&#9;at org.junit.runners.ParentRunner.access$000(ParentRunner.java:58)&#13;&#10;&#9;at org.junit.runners.ParentRunner$2.evaluate(ParentRunner.java:268)&#13;&#10;&#9;at org.junit.runners.ParentRunner.run(ParentRunner.java:363)&#13;&#10;&#9;at org.eclipse.jdt.internal.junit4.runner.JUnit4TestReference.run(JUnit4TestReference.java:89)&#13;&#10;&#9;at org.eclipse.jdt.internal.junit.runner.TestExecution.run(TestExecution.java:41)&#13;&#10;&#9;at org.eclipse.jdt.internal.junit.runner.RemoteTestRunner.runTests(RemoteTestRunner.java:542)&#13;&#10;&#9;at org.eclipse.jdt.internal.junit.runner.RemoteTestRunner.runTests(RemoteTestRunner.java:770)&#13;&#10;&#9;at org.eclipse.jdt.internal.junit.runner.RemoteTestRunner.run(RemoteTestRunner.java:464)&#13;&#10;&#9;at org.codecover.juniteclipse.runner.EclipseTestRunner.main(EclipseTestRunner.java:40)" Date="1655125774390" Name="Test_Negozio.NegozioTest:test">
<CovList>
<CovPrefix CovItemPrefix="Negozio.Negozio.java">
<Cov CovItemId="B1" Value="5"/>
<Cov CovItemId="B2" Value="3"/>
<Cov CovItemId="L1-2" Value="1"/>
<Cov CovItemId="L2-2" Value="1"/>
<Cov CovItemId="S1" Value="1"/>
<Cov CovItemId="S10" Value="8"/>
<Cov CovItemId="S11" Value="5"/>
<Cov CovItemId="S12" Value="3"/>
<Cov CovItemId="S13" Value="3"/>
<Cov CovItemId="S14" Value="3"/>
<Cov CovItemId="S2" Value="1"/>
<Cov CovItemId="S3" Value="1"/>
<Cov CovItemId="S4" Value="1"/>
<Cov CovItemId="S5" Value="10"/>
<Cov CovItemId="S6" Value="10"/>
<Cov CovItemId="S7" Value="10"/>
<Cov CovItemId="S8" Value="1"/>
<Cov CovItemId="S9" Value="5"/>
</CovPrefix>
</CovList>
<AssgnmntList>
<AssgnmntPrefix RootTermCovItemPrefix="Negozio.Negozio.java">
<AssgnmntListEntry Length="1" RootTermCovItemId="C1">
<MapEntry BoolAssgnmnt="0" Value="1"/>
<MapEntry BoolAssgnmnt="1" Value="10"/>
</AssgnmntListEntry>
<AssgnmntListEntry Length="1" RootTermCovItemId="C2">
<MapEntry BoolAssgnmnt="0" Value="1"/>
<MapEntry BoolAssgnmnt="1" Value="5"/>
</AssgnmntListEntry>
<AssgnmntListEntry Length="6" RootTermCovItemId="C3">
<MapEntry BoolAssgnmnt="000000" Value="3"/>
<MapEntry BoolAssgnmnt="012222" Value="1"/>
<MapEntry BoolAssgnmnt="000001" Value="1"/>
<MapEntry BoolAssgnmnt="000122" Value="1"/>
<MapEntry BoolAssgnmnt="122222" Value="1"/>
<MapEntry BoolAssgnmnt="001222" Value="1"/>
</AssgnmntListEntry>
</AssgnmntPrefix>
</AssgnmntList>
<ObjMetaDataList/>
<MetaDataList/>
</TestCase>
<MetaDataList/>
</TestSession>
<TestSession Comment="" Date="1655125787036" Name="13-giu-2022 15.09.47">
<TestCase Comment="" Date="1655125787013" Name="Test_Negozio.NegozioTest:test">
<CovList>
<CovPrefix CovItemPrefix="Negozio.Negozio.java">
<Cov CovItemId="B1" Value="5"/>
<Cov CovItemId="B2" Value="3"/>
<Cov CovItemId="L1-2" Value="1"/>
<Cov CovItemId="L2-2" Value="1"/>
<Cov CovItemId="S1" Value="1"/>
<Cov CovItemId="S10" Value="8"/>
<Cov CovItemId="S11" Value="5"/>
<Cov CovItemId="S12" Value="3"/>
<Cov CovItemId="S13" Value="3"/>
<Cov CovItemId="S14" Value="3"/>
<Cov CovItemId="S2" Value="1"/>
<Cov CovItemId="S3" Value="1"/>
<Cov CovItemId="S4" Value="1"/>
<Cov CovItemId="S5" Value="10"/>
<Cov CovItemId="S6" Value="10"/>
<Cov CovItemId="S7" Value="10"/>
<Cov CovItemId="S8" Value="1"/>
<Cov CovItemId="S9" Value="5"/>
</CovPrefix>
</CovList>
<AssgnmntList>
<AssgnmntPrefix RootTermCovItemPrefix="Negozio.Negozio.java">
<AssgnmntListEntry Length="1" RootTermCovItemId="C1">
<MapEntry BoolAssgnmnt="0" Value="1"/>
<MapEntry BoolAssgnmnt="1" Value="10"/>
</AssgnmntListEntry>
<AssgnmntListEntry Length="1" RootTermCovItemId="C2">
<MapEntry BoolAssgnmnt="0" Value="1"/>
<MapEntry BoolAssgnmnt="1" Value="5"/>
</AssgnmntListEntry>
<AssgnmntListEntry Length="6" RootTermCovItemId="C3">
<MapEntry BoolAssgnmnt="000000" Value="3"/>
<MapEntry BoolAssgnmnt="012222" Value="1"/>
<MapEntry BoolAssgnmnt="000001" Value="1"/>
<MapEntry BoolAssgnmnt="000122" Value="1"/>
<MapEntry BoolAssgnmnt="122222" Value="1"/>
<MapEntry BoolAssgnmnt="001222" Value="1"/>
</AssgnmntListEntry>
</AssgnmntPrefix>
</AssgnmntList>
<ObjMetaDataList/>
<MetaDataList/>
</TestCase>
<MetaDataList/>
</TestSession>
<TestSession Comment="" Date="1655125930909" Name="13-giu-2022 15.12.10">
<TestCase Comment="" Date="1655125930886" Name="Test_Negozio.NegozioTest:test">
<CovList>
<CovPrefix CovItemPrefix="Negozio.Negozio.java">
<Cov CovItemId="B1" Value="6"/>
<Cov CovItemId="B2" Value="13"/>
<Cov CovItemId="L1-2" Value="1"/>
<Cov CovItemId="L2-2" Value="1"/>
<Cov CovItemId="S1" Value="1"/>
<Cov CovItemId="S10" Value="19"/>
<Cov CovItemId="S11" Value="6"/>
<Cov CovItemId="S12" Value="13"/>
<Cov CovItemId="S13" Value="13"/>
<Cov CovItemId="S14" Value="13"/>
<Cov CovItemId="S2" Value="1"/>
<Cov CovItemId="S3" Value="1"/>
<Cov CovItemId="S4" Value="1"/>
<Cov CovItemId="S5" Value="10"/>
<Cov CovItemId="S6" Value="10"/>
<Cov CovItemId="S7" Value="10"/>
<Cov CovItemId="S8" Value="1"/>
<Cov CovItemId="S9" Value="5"/>
</CovPrefix>
</CovList>
<AssgnmntList>
<AssgnmntPrefix RootTermCovItemPrefix="Negozio.Negozio.java">
<AssgnmntListEntry Length="1" RootTermCovItemId="C1">
<MapEntry BoolAssgnmnt="0" Value="1"/>
<MapEntry BoolAssgnmnt="1" Value="10"/>
</AssgnmntListEntry>
<AssgnmntListEntry Length="1" RootTermCovItemId="C2">
<MapEntry BoolAssgnmnt="0" Value="1"/>
<MapEntry BoolAssgnmnt="1" Value="5"/>
</AssgnmntListEntry>
<AssgnmntListEntry Length="6" RootTermCovItemId="C3">
<MapEntry BoolAssgnmnt="000000" Value="13"/>
<MapEntry BoolAssgnmnt="012222" Value="1"/>
<MapEntry BoolAssgnmnt="000001" Value="1"/>
<MapEntry BoolAssgnmnt="000122" Value="1"/>
<MapEntry BoolAssgnmnt="122222" Value="1"/>
<MapEntry BoolAssgnmnt="001222" Value="1"/>
<MapEntry BoolAssgnmnt="000012" Value="1"/>
</AssgnmntListEntry>
</AssgnmntPrefix>
</AssgnmntList>
<ObjMetaDataList/>
<MetaDataList/>
</TestCase>
<MetaDataList/>
</TestSession>
<TestSession Comment="" Date="1655125977017" Name="13-giu-2022 15.12.57">
<TestCase Comment="" Date="1655125976996" Name="Test_Negozio.NegozioTest:testCompra">
<CovList>
<CovPrefix CovItemPrefix="Negozio.Negozio.java">
<Cov CovItemId="B1" Value="6"/>
<Cov CovItemId="B2" Value="13"/>
<Cov CovItemId="L1-2" Value="1"/>
<Cov CovItemId="L2-2" Value="1"/>
<Cov CovItemId="S1" Value="1"/>
<Cov CovItemId="S10" Value="19"/>
<Cov CovItemId="S11" Value="6"/>
<Cov CovItemId="S12" Value="13"/>
<Cov CovItemId="S13" Value="13"/>
<Cov CovItemId="S14" Value="13"/>
<Cov CovItemId="S2" Value="1"/>
<Cov CovItemId="S3" Value="1"/>
<Cov CovItemId="S4" Value="1"/>
<Cov CovItemId="S5" Value="10"/>
<Cov CovItemId="S6" Value="10"/>
<Cov CovItemId="S7" Value="10"/>
<Cov CovItemId="S8" Value="1"/>
<Cov CovItemId="S9" Value="5"/>
</CovPrefix>
</CovList>
<AssgnmntList>
<AssgnmntPrefix RootTermCovItemPrefix="Negozio.Negozio.java">
<AssgnmntListEntry Length="1" RootTermCovItemId="C1">
<MapEntry BoolAssgnmnt="0" Value="1"/>
<MapEntry BoolAssgnmnt="1" Value="10"/>
</AssgnmntListEntry>
<AssgnmntListEntry Length="1" RootTermCovItemId="C2">
<MapEntry BoolAssgnmnt="0" Value="1"/>
<MapEntry BoolAssgnmnt="1" Value="5"/>
</AssgnmntListEntry>
<AssgnmntListEntry Length="6" RootTermCovItemId="C3">
<MapEntry BoolAssgnmnt="000000" Value="13"/>
<MapEntry BoolAssgnmnt="012222" Value="1"/>
<MapEntry BoolAssgnmnt="000001" Value="1"/>
<MapEntry BoolAssgnmnt="000122" Value="1"/>
<MapEntry BoolAssgnmnt="122222" Value="1"/>
<MapEntry BoolAssgnmnt="001222" Value="1"/>
<MapEntry BoolAssgnmnt="000012" Value="1"/>
</AssgnmntListEntry>
</AssgnmntPrefix>
</AssgnmntList>
<ObjMetaDataList/>
<MetaDataList/>
</TestCase>
<MetaDataList/>
</TestSession>
<TestSession Comment="" Date="1655126186848" Name="13-giu-2022 15.16.26">
<TestCase Comment="" Date="1655126186814" Name="Test_Negozio.NegozioTest:testRiempiProdotto">
<CovList>
<CovPrefix CovItemPrefix="Negozio.Negozio.java">
<Cov CovItemId="B3" Value="3"/>
<Cov CovItemId="L1-2" Value="1"/>
<Cov CovItemId="L2-2" Value="1"/>
<Cov CovItemId="S1" Value="1"/>
<Cov CovItemId="S15" Value="3"/>
<Cov CovItemId="S16" Value="3"/>
<Cov CovItemId="S2" Value="1"/>
<Cov CovItemId="S3" Value="1"/>
<Cov CovItemId="S4" Value="1"/>
<Cov CovItemId="S5" Value="10"/>
<Cov CovItemId="S6" Value="10"/>
<Cov CovItemId="S7" Value="10"/>
<Cov CovItemId="S8" Value="1"/>
<Cov CovItemId="S9" Value="5"/>
</CovPrefix>
</CovList>
<AssgnmntList>
<AssgnmntPrefix RootTermCovItemPrefix="Negozio.Negozio.java">
<AssgnmntListEntry Length="1" RootTermCovItemId="C1">
<MapEntry BoolAssgnmnt="0" Value="1"/>
<MapEntry BoolAssgnmnt="1" Value="10"/>
</AssgnmntListEntry>
<AssgnmntListEntry Length="1" RootTermCovItemId="C2">
<MapEntry BoolAssgnmnt="0" Value="1"/>
<MapEntry BoolAssgnmnt="1" Value="5"/>
</AssgnmntListEntry>
<AssgnmntListEntry Length="3" RootTermCovItemId="C4">
<MapEntry BoolAssgnmnt="001" Value="1"/>
<MapEntry BoolAssgnmnt="122" Value="1"/>
<MapEntry BoolAssgnmnt="012" Value="1"/>
</AssgnmntListEntry>
</AssgnmntPrefix>
</AssgnmntList>
<ObjMetaDataList/>
<MetaDataList/>
</TestCase>
<TestCase Comment="" Date="1655126186817" Name="Test_Negozio.NegozioTest:testCompra">
<CovList>
<CovPrefix CovItemPrefix="Negozio.Negozio.java">
<Cov CovItemId="B1" Value="6"/>
<Cov CovItemId="B2" Value="13"/>
<Cov CovItemId="L1-2" Value="1"/>
<Cov CovItemId="L2-2" Value="1"/>
<Cov CovItemId="S1" Value="1"/>
<Cov CovItemId="S10" Value="19"/>
<Cov CovItemId="S11" Value="6"/>
<Cov CovItemId="S12" Value="13"/>
<Cov CovItemId="S13" Value="13"/>
<Cov CovItemId="S14" Value="13"/>
<Cov CovItemId="S2" Value="1"/>
<Cov CovItemId="S3" Value="1"/>
<Cov CovItemId="S4" Value="1"/>
<Cov CovItemId="S5" Value="10"/>
<Cov CovItemId="S6" Value="10"/>
<Cov CovItemId="S7" Value="10"/>
<Cov CovItemId="S8" Value="1"/>
<Cov CovItemId="S9" Value="5"/>
</CovPrefix>
</CovList>
<AssgnmntList>
<AssgnmntPrefix RootTermCovItemPrefix="Negozio.Negozio.java">
<AssgnmntListEntry Length="1" RootTermCovItemId="C1">
<MapEntry BoolAssgnmnt="0" Value="1"/>
<MapEntry BoolAssgnmnt="1" Value="10"/>
</AssgnmntListEntry>
<AssgnmntListEntry Length="1" RootTermCovItemId="C2">
<MapEntry BoolAssgnmnt="0" Value="1"/>
<MapEntry BoolAssgnmnt="1" Value="5"/>
</AssgnmntListEntry>
<AssgnmntListEntry Length="6" RootTermCovItemId="C3">
<MapEntry BoolAssgnmnt="000000" Value="13"/>
<MapEntry BoolAssgnmnt="012222" Value="1"/>
<MapEntry BoolAssgnmnt="000001" Value="1"/>
<MapEntry BoolAssgnmnt="000122" Value="1"/>
<MapEntry BoolAssgnmnt="122222" Value="1"/>
<MapEntry BoolAssgnmnt="001222" Value="1"/>
<MapEntry BoolAssgnmnt="000012" Value="1"/>
</AssgnmntListEntry>
</AssgnmntPrefix>
</AssgnmntList>
<ObjMetaDataList/>
<MetaDataList/>
</TestCase>
<MetaDataList/>
</TestSession>
<TestSession Comment="" Date="1655126249227" Name="13-giu-2022 15.17.29">
<TestCase Comment="" Date="1655126249187" Name="Test_Negozio.NegozioTest:testRiempiProdotto">
<CovList>
<CovPrefix CovItemPrefix="Negozio.Negozio.java">
<Cov CovItemId="B2" Value="1"/>
<Cov CovItemId="B3" Value="3"/>
<Cov CovItemId="B4" Value="1"/>
<Cov CovItemId="L1-2" Value="1"/>
<Cov CovItemId="L2-2" Value="1"/>
<Cov CovItemId="S1" Value="1"/>
<Cov CovItemId="S10" Value="1"/>
<Cov CovItemId="S12" Value="1"/>
<Cov CovItemId="S13" Value="1"/>
<Cov CovItemId="S14" Value="1"/>
<Cov CovItemId="S15" Value="4"/>
<Cov CovItemId="S16" Value="3"/>
<Cov CovItemId="S17" Value="1"/>
<Cov CovItemId="S18" Value="1"/>
<Cov CovItemId="S2" Value="1"/>
<Cov CovItemId="S3" Value="1"/>
<Cov CovItemId="S4" Value="1"/>
<Cov CovItemId="S5" Value="10"/>
<Cov CovItemId="S6" Value="10"/>
<Cov CovItemId="S7" Value="10"/>
<Cov CovItemId="S8" Value="1"/>
<Cov CovItemId="S9" Value="5"/>
</CovPrefix>
</CovList>
<AssgnmntList>
<AssgnmntPrefix RootTermCovItemPrefix="Negozio.Negozio.java">
<AssgnmntListEntry Length="1" RootTermCovItemId="C1">
<MapEntry BoolAssgnmnt="0" Value="1"/>
<MapEntry BoolAssgnmnt="1" Value="10"/>
</AssgnmntListEntry>
<AssgnmntListEntry Length="1" RootTermCovItemId="C2">
<MapEntry BoolAssgnmnt="0" Value="1"/>
<MapEntry BoolAssgnmnt="1" Value="5"/>
</AssgnmntListEntry>
<AssgnmntListEntry Length="6" RootTermCovItemId="C3">
<MapEntry BoolAssgnmnt="000000" Value="1"/>
</AssgnmntListEntry>
<AssgnmntListEntry Length="3" RootTermCovItemId="C4">
<MapEntry BoolAssgnmnt="000" Value="1"/>
<MapEntry BoolAssgnmnt="001" Value="1"/>
<MapEntry BoolAssgnmnt="122" Value="1"/>
<MapEntry BoolAssgnmnt="012" Value="1"/>
</AssgnmntListEntry>
</AssgnmntPrefix>
</AssgnmntList>
<ObjMetaDataList/>
<MetaDataList/>
</TestCase>
<TestCase Comment="" Date="1655126249190" Name="Test_Negozio.NegozioTest:testCompra">
<CovList>
<CovPrefix CovItemPrefix="Negozio.Negozio.java">
<Cov CovItemId="B1" Value="6"/>
<Cov CovItemId="B2" Value="13"/>
<Cov CovItemId="L1-2" Value="1"/>
<Cov CovItemId="L2-2" Value="1"/>
<Cov CovItemId="S1" Value="1"/>
<Cov CovItemId="S10" Value="19"/>
<Cov CovItemId="S11" Value="6"/>
<Cov CovItemId="S12" Value="13"/>
<Cov CovItemId="S13" Value="13"/>
<Cov CovItemId="S14" Value="13"/>
<Cov CovItemId="S2" Value="1"/>
<Cov CovItemId="S3" Value="1"/>
<Cov CovItemId="S4" Value="1"/>
<Cov CovItemId="S5" Value="10"/>
<Cov CovItemId="S6" Value="10"/>
<Cov CovItemId="S7" Value="10"/>
<Cov CovItemId="S8" Value="1"/>
<Cov CovItemId="S9" Value="5"/>
</CovPrefix>
</CovList>
<AssgnmntList>
<AssgnmntPrefix RootTermCovItemPrefix="Negozio.Negozio.java">
<AssgnmntListEntry Length="1" RootTermCovItemId="C1">
<MapEntry BoolAssgnmnt="0" Value="1"/>
<MapEntry BoolAssgnmnt="1" Value="10"/>
</AssgnmntListEntry>
<AssgnmntListEntry Length="1" RootTermCovItemId="C2">
<MapEntry BoolAssgnmnt="0" Value="1"/>
<MapEntry BoolAssgnmnt="1" Value="5"/>
</AssgnmntListEntry>
<AssgnmntListEntry Length="6" RootTermCovItemId="C3">
<MapEntry BoolAssgnmnt="000000" Value="13"/>
<MapEntry BoolAssgnmnt="012222" Value="1"/>
<MapEntry BoolAssgnmnt="000001" Value="1"/>
<MapEntry BoolAssgnmnt="000122" Value="1"/>
<MapEntry BoolAssgnmnt="122222" Value="1"/>
<MapEntry BoolAssgnmnt="001222" Value="1"/>
<MapEntry BoolAssgnmnt="000012" Value="1"/>
</AssgnmntListEntry>
</AssgnmntPrefix>
</AssgnmntList>
<ObjMetaDataList/>
<MetaDataList/>
</TestCase>
<MetaDataList/>
</TestSession>
</TestSessionContainer>
